0 verbose cli /usr/bin/node /usr/bin/npm
1 info using npm@9.8.0
2 info using node@v20.5.1
3 timing npm:load:whichnode Completed in 96ms
4 timing config:load:defaults Completed in 1ms
5 timing config:load:file:/usr/lib/node_modules/npm/npmrc Completed in 1ms
6 timing config:load:builtin Completed in 2ms
7 timing config:load:cli Completed in 1ms
8 timing config:load:env Completed in 1ms
9 timing config:load:file:/root/AirBnB_clone_v2/.npmrc Completed in 0ms
10 timing config:load:project Completed in 0ms
11 timing config:load:file:/root/.npmrc Completed in 1ms
12 timing config:load:user Completed in 1ms
13 timing config:load:file:/usr/etc/npmrc Completed in 0ms
14 timing config:load:global Completed in 0ms
15 timing config:load:setEnvs Completed in 1ms
16 timing config:load Completed in 7ms
17 timing npm:load:configload Completed in 7ms
18 timing config:load:flatten Completed in 2ms
19 timing npm:load:mkdirpcache Completed in 192ms
20 timing npm:load:mkdirplogs Completed in 98ms
21 verbose title npm start
22 verbose argv "start"
23 timing npm:load:setTitle Completed in 1ms
24 timing npm:load:display Completed in 1ms
25 verbose logfile logs-max:10 dir:/root/.npm/_logs/2023-09-28T23_10_55_504Z-
26 verbose logfile /root/.npm/_logs/2023-09-28T23_10_55_504Z-debug-0.log
27 timing npm:load:logFile Completed in 7ms
28 timing npm:load:timers Completed in 0ms
29 timing npm:load:configScope Completed in 0ms
30 timing npm:load Completed in 504ms
31 timing command:run-script Completed in 998ms
32 timing command:start Completed in 1094ms
33 verbose stack Error: Could not read package.json: Error: ENOENT: no such file or directory, open '/root/AirBnB_clone_v2/package.json'
34 verbose cwd /root/AirBnB_clone_v2
35 verbose Linux 5.3.0-1032-aws
36 verbose node v20.5.1
37 verbose npm  v9.8.0
38 error code ENOENT
39 error syscall open
40 error path /root/AirBnB_clone_v2/package.json
41 error errno -2
42 error enoent Could not read package.json: Error: ENOENT: no such file or directory, open '/root/AirBnB_clone_v2/package.json'
43 error enoent This is related to npm not being able to find a file.
43 error enoent
44 verbose exit -2
45 timing npm Completed in 1999ms
46 verbose code -2
47 error A complete log of this run can be found in: /root/.npm/_logs/2023-09-28T23_10_55_504Z-debug-0.log
