0 verbose cli /usr/bin/node /usr/bin/npm
1 info using npm@9.8.0
2 info using node@v20.5.1
3 timing npm:load:whichnode Completed in 2ms
4 timing config:load:defaults Completed in 1ms
5 timing config:load:file:/usr/lib/node_modules/npm/npmrc Completed in 96ms
6 timing config:load:builtin Completed in 97ms
7 timing config:load:cli Completed in 1ms
8 timing config:load:env Completed in 1ms
9 timing config:load:file:/root/AirBnB_clone_v2/.npmrc Completed in 0ms
10 timing config:load:project Completed in 1ms
11 timing config:load:file:/root/.npmrc Completed in 0ms
12 timing config:load:user Completed in 0ms
13 timing config:load:file:/usr/etc/npmrc Completed in 0ms
14 timing config:load:global Completed in 0ms
15 timing config:load:setEnvs Completed in 0ms
16 timing config:load Completed in 102ms
17 timing npm:load:configload Completed in 102ms
18 timing config:load:flatten Completed in 2ms
19 timing npm:load:mkdirpcache Completed in 101ms
20 timing npm:load:mkdirplogs Completed in 100ms
21 verbose title npm install
22 verbose argv "install"
23 timing npm:load:setTitle Completed in 1ms
24 timing npm:load:display Completed in 1ms
25 verbose logfile logs-max:10 dir:/root/.npm/_logs/2023-09-28T23_10_26_113Z-
26 verbose logfile /root/.npm/_logs/2023-09-28T23_10_26_113Z-debug-0.log
27 timing npm:load:logFile Completed in 7ms
28 timing npm:load:timers Completed in 0ms
29 timing npm:load:configScope Completed in 0ms
30 timing npm:load Completed in 510ms
31 timing config:load:flatten Completed in 2ms
32 timing arborist:ctor Completed in 1ms
33 silly logfile done cleaning log files
34 timing arborist:ctor Completed in 1ms
35 timing idealTree:init Completed in 200ms
36 timing idealTree:userRequests Completed in 0ms
37 silly idealTree buildDeps
38 timing idealTree:#root Completed in 0ms
39 timing idealTree:buildDeps Completed in 94ms
40 timing idealTree:fixDepFlags Completed in 0ms
41 timing idealTree Completed in 296ms
42 timing reify:loadTrees Completed in 296ms
43 timing reify:diffTrees Completed in 0ms
44 silly reify moves {}
45 timing reify:retireShallow Completed in 1ms
46 timing reify:createSparse Completed in 0ms
47 timing reify:loadBundles Completed in 0ms
48 timing reify:unpack Completed in 1ms
49 timing reify:unretire Completed in 0ms
50 timing build:queue Completed in 0ms
51 timing build:deps Completed in 0ms
52 timing build Completed in 0ms
53 timing reify:build Completed in 0ms
54 timing reify:trash Completed in 0ms
55 timing reify:save Completed in 96ms
56 timing reify Completed in 700ms
57 timing command:install Completed in 804ms
58 verbose stack Error: ENOENT: no such file or directory, open '/root/AirBnB_clone_v2/package.json'
59 verbose cwd /root/AirBnB_clone_v2
60 verbose Linux 5.3.0-1032-aws
61 verbose node v20.5.1
62 verbose npm  v9.8.0
63 error code ENOENT
64 error syscall open
65 error path /root/AirBnB_clone_v2/package.json
66 error errno -2
67 error enoent ENOENT: no such file or directory, open '/root/AirBnB_clone_v2/package.json'
68 error enoent This is related to npm not being able to find a file.
68 error enoent
69 verbose exit -2
70 timing npm Completed in 3600ms
71 verbose code -2
72 error A complete log of this run can be found in: /root/.npm/_logs/2023-09-28T23_10_26_113Z-debug-0.log
